Phase 0 time 1
Class 0:
Minimum packet latency = 1.79769e+308
Average packet latency = -nan
Maximum packet latency = 2.22507e-308
Minimum network latency = 1.79769e+308
Average network latency = -nan
Maximum network latency = 2.22507e-308
Slowest packet = -1
Minimum flit latency = 1.79769e+308
Average flit latency = -nan
Maximum flit latency = 2.22507e-308
Slowest flit = -1
Minimum fragmentation = 1.79769e+308
Average fragmentation = -nan
Maximum fragmentation = 2.22507e-308
Minimum injected packet rate = 0 (at node 0)
Average injected packet rate = 0
Maximum injected packet rate = 0 (at node 0)
Minimum accepted packet rate = 0 (at node 0)
Average accepted packet rate = 0
Maximum accepted packet rate = 0 (at node 0)
Minimum injected flit rate = 0 (at node 0)
Average injected flit rate = 0
Maximum injected flit rate = 0 (at node 0)
Minimum accepted flit rate = 0 (at node 0)
Average accepted flit rate = 0
Maximum accepted flit rate = 0 (at node 0)
Average injected packet length = -nan
Average accepted packet length = -nan
Total in-flight flits = 0 (0 measured)
latency change    = nan
throughput change = nan

Phase 1 time 1000001
Class 0:
Minimum packet latency = 8
Average packet latency = 16.5541
Maximum packet latency = 29
Minimum network latency = 8
Average network latency = 16.5541
Maximum network latency = 29
Slowest packet = 167
Minimum flit latency = 8
Average flit latency = 14.554
Maximum flit latency = 25
Slowest flit = 500
Minimum fragmentation = 0
Average fragmentation = 0.00950951
Maximum fragmentation = 7
Minimum injected packet rate = 0.000365 (at node 3)
Average injected packet rate = 0.000749249
Maximum injected packet rate = 0.00599499 (at node 0)
Minimum accepted packet rate = 0.000365 (at node 3)
Average accepted packet rate = 0.000749249
Maximum accepted packet rate = 0.00599299 (at node 0)
Minimum injected flit rate = 0.001217 (at node 3)
Average injected flit rate = 0.0022475
Maximum injected flit rate = 0.016167 (at node 0)
Minimum accepted flit rate = 0.000972999 (at node 3)
Average accepted flit rate = 0.0022475
Maximum accepted flit rate = 0.019793 (at node 0)
Average injected packet length = 2.99967
Average accepted packet length = 2.99967
Total in-flight flits = 0 (0 measured)
latency change    = nan
throughput change = 1

Phase 2 time 2000001
Class 0:
Minimum packet latency = 5
Average packet latency = 15.7432
Maximum packet latency = 39
Minimum network latency = 5
Average network latency = 15.7432
Maximum network latency = 39
Slowest packet = 25141
Minimum flit latency = 5
Average flit latency = 14.1352
Maximum flit latency = 39
Slowest flit = 72941
Minimum fragmentation = 0
Average fragmentation = 0.0673871
Maximum fragmentation = 16
Minimum injected packet rate = 0.001039 (at node 7)
Average injected packet rate = 0.00164256
Maximum injected packet rate = 0.004976 (at node 0)
Minimum accepted packet rate = 0.001055 (at node 7)
Average accepted packet rate = 0.00164256
Maximum accepted packet rate = 0.0047545 (at node 0)
Minimum injected flit rate = 0.002875 (at node 7)
Average injected flit rate = 0.00447369
Maximum injected flit rate = 0.014356 (at node 0)
Minimum accepted flit rate = 0.002773 (at node 7)
Average accepted flit rate = 0.00447369
Maximum accepted flit rate = 0.0140125 (at node 0)
Average injected packet length = 2.7236
Average accepted packet length = 2.7236
Total in-flight flits = 0 (0 measured)
latency change    = 0.051513
throughput change = 0.497618

Phase 3 time 3000001
Class 0:
Minimum packet latency = 5
Average packet latency = 15.6961
Maximum packet latency = 39
Minimum network latency = 5
Average network latency = 15.6961
Maximum network latency = 39
Slowest packet = 25141
Minimum flit latency = 5
Average flit latency = 14.0752
Maximum flit latency = 39
Slowest flit = 72941
Minimum fragmentation = 0
Average fragmentation = 0.0652781
Maximum fragmentation = 16
Minimum injected packet rate = 0.000729666 (at node 8)
Average injected packet rate = 0.00115723
Maximum injected packet rate = 0.00336967 (at node 0)
Minimum accepted packet rate = 0.000738 (at node 7)
Average accepted packet rate = 0.00115723
Maximum accepted packet rate = 0.003218 (at node 0)
Minimum injected flit rate = 0.00204567 (at node 8)
Average injected flit rate = 0.00315406
Maximum injected flit rate = 0.009703 (at node 0)
Minimum accepted flit rate = 0.001914 (at node 7)
Average accepted flit rate = 0.00315406
Maximum accepted flit rate = 0.00942066 (at node 0)
Average injected packet length = 2.72553
Average accepted packet length = 2.72553
Total in-flight flits = 0 (0 measured)
latency change    = 0.00299738
throughput change = 0.418389

Phase 4 time 3681831
Class 0:
Minimum packet latency = 5
Average packet latency = 15.6112
Maximum packet latency = 39
Minimum network latency = 5
Average network latency = 15.6112
Maximum network latency = 39
Slowest packet = 25141
Minimum flit latency = 5
Average flit latency = 14.0021
Maximum flit latency = 39
Slowest flit = 72941
Minimum fragmentation = 0
Average fragmentation = 0.0619839
Maximum fragmentation = 16
Minimum injected packet rate = 0.000670047 (at node 8)
Average injected packet rate = 0.00110395
Maximum injected packet rate = 0.00288471 (at node 0)
Minimum accepted packet rate = 0.000676566 (at node 8)
Average accepted packet rate = 0.00110395
Maximum accepted packet rate = 0.00275434 (at node 0)
Minimum injected flit rate = 0.00189009 (at node 8)
Average injected flit rate = 0.00298121
Maximum injected flit rate = 0.00824943 (at node 0)
Minimum accepted flit rate = 0.00172822 (at node 8)
Average accepted flit rate = 0.00298121
Maximum accepted flit rate = 0.00868671 (at node 14)
Average injected packet length = 2.70049
Average accepted packet length = 2.70049
Total in-flight flits = 0 (0 measured)
latency change    = 0.00544239
throughput change = 0.0579802

Draining remaining packets ...
Time 3681831
Total phase 5
Time taken is 3681831 cycles
====== Traffic class 0 ======
Overall minimum packet latency = 5 (1 samples)
Overall average packet latency = 15.6112 (1 samples)
Overall maximum packet latency = 39 (1 samples)
Overall minimum network latency = 5 (1 samples)
Overall average network latency = 15.6112 (1 samples)
Overall maximum network latency = 39 (1 samples)
Overall minimum flit latency = 5 (1 samples)
Overall average flit latency = 14.0021 (1 samples)
Overall maximum flit latency = 39 (1 samples)
Overall minimum fragmentation = 0 (1 samples)
Overall average fragmentation = 0.0619839 (1 samples)
Overall maximum fragmentation = 16 (1 samples)
Overall minimum injected packet rate = 0.000670047 (1 samples)
Overall average injected packet rate = 0.00110395 (1 samples)
Overall maximum injected packet rate = 0.00288471 (1 samples)
Overall minimum accepted packet rate = 0.000676566 (1 samples)
Overall average accepted packet rate = 0.00110395 (1 samples)
Overall maximum accepted packet rate = 0.00275434 (1 samples)
Overall minimum injected flit rate = 0.00189009 (1 samples)
Overall average injected flit rate = 0.00298121 (1 samples)
Overall maximum injected flit rate = 0.00824943 (1 samples)
Overall minimum accepted flit rate = 0.00172822 (1 samples)
Overall average accepted flit rate = 0.00298121 (1 samples)
Overall maximum accepted flit rate = 0.00868671 (1 samples)
Overall average injected packet size = 2.70049 (1 samples)
Overall average accepted packet size = 2.70049 (1 samples)
Overall average hops = 3.85169 (1 samples)
BookSim: Total_run_time 7.98656
