Phase 0 time 1
Class 0:
Minimum packet latency = 1.79769e+308
Average packet latency = -nan
Maximum packet latency = 2.22507e-308
Minimum network latency = 1.79769e+308
Average network latency = -nan
Maximum network latency = 2.22507e-308
Slowest packet = -1
Minimum flit latency = 1.79769e+308
Average flit latency = -nan
Maximum flit latency = 2.22507e-308
Slowest flit = -1
Minimum fragmentation = 1.79769e+308
Average fragmentation = -nan
Maximum fragmentation = 2.22507e-308
Minimum injected packet rate = 0 (at node 0)
Average injected packet rate = 0
Maximum injected packet rate = 0 (at node 0)
Minimum accepted packet rate = 0 (at node 0)
Average accepted packet rate = 0
Maximum accepted packet rate = 0 (at node 0)
Minimum injected flit rate = 0 (at node 0)
Average injected flit rate = 0
Maximum injected flit rate = 0 (at node 0)
Minimum accepted flit rate = 0 (at node 0)
Average accepted flit rate = 0
Maximum accepted flit rate = 0 (at node 0)
Average injected packet length = -nan
Average accepted packet length = -nan
Total in-flight flits = 0 (0 measured)
latency change    = nan
throughput change = nan

Phase 1 time 1000001
Class 0:
Minimum packet latency = 8
Average packet latency = 10.9512
Maximum packet latency = 19
Minimum network latency = 8
Average network latency = 10.9512
Maximum network latency = 19
Slowest packet = 29
Minimum flit latency = 8
Average flit latency = 8.96768
Maximum flit latency = 15
Slowest flit = 86
Minimum fragmentation = 0
Average fragmentation = 0.00745763
Maximum fragmentation = 5
Minimum injected packet rate = 0.000451 (at node 3)
Average injected packet rate = 0.000737499
Maximum injected packet rate = 0.001475 (at node 0)
Minimum accepted packet rate = 0.000451 (at node 3)
Average accepted packet rate = 0.000737499
Maximum accepted packet rate = 0.001475 (at node 0)
Minimum injected flit rate = 0.001831 (at node 3)
Average injected flit rate = 0.0022125
Maximum injected flit rate = 0.002987 (at node 0)
Minimum accepted flit rate = 0.000874999 (at node 3)
Average accepted flit rate = 0.0022125
Maximum accepted flit rate = 0.00586299 (at node 0)
Average injected packet length = 3
Average accepted packet length = 3
Total in-flight flits = 0 (0 measured)
latency change    = nan
throughput change = 1

Phase 2 time 1521942
Class 0:
Minimum packet latency = 8
Average packet latency = 10.9634
Maximum packet latency = 19
Minimum network latency = 8
Average network latency = 10.9634
Maximum network latency = 19
Slowest packet = 29
Minimum flit latency = 8
Average flit latency = 8.9754
Maximum flit latency = 15
Slowest flit = 86
Minimum fragmentation = 0
Average fragmentation = 0.00696594
Maximum fragmentation = 5
Minimum injected packet rate = 0.000396861 (at node 3)
Average injected packet rate = 0.000636687
Maximum injected packet rate = 0.00127337 (at node 0)
Minimum accepted packet rate = 0.000396861 (at node 3)
Average accepted packet rate = 0.000636687
Maximum accepted packet rate = 0.00127337 (at node 0)
Minimum injected flit rate = 0.00152174 (at node 3)
Average injected flit rate = 0.00191006
Maximum injected flit rate = 0.00282665 (at node 0)
Minimum accepted flit rate = 0.000859428 (at node 3)
Average accepted flit rate = 0.00191006
Maximum accepted flit rate = 0.00481359 (at node 0)
Average injected packet length = 3
Average accepted packet length = 3
Total in-flight flits = 0 (0 measured)
latency change    = 0.00111078
throughput change = 0.15834

Draining remaining packets ...
Time 1521942
Total phase 3
Time taken is 1521942 cycles
====== Traffic class 0 ======
Overall minimum packet latency = 8 (1 samples)
Overall average packet latency = 10.9634 (1 samples)
Overall maximum packet latency = 19 (1 samples)
Overall minimum network latency = 8 (1 samples)
Overall average network latency = 10.9634 (1 samples)
Overall maximum network latency = 19 (1 samples)
Overall minimum flit latency = 8 (1 samples)
Overall average flit latency = 8.9754 (1 samples)
Overall maximum flit latency = 15 (1 samples)
Overall minimum fragmentation = 0 (1 samples)
Overall average fragmentation = 0.00696594 (1 samples)
Overall maximum fragmentation = 5 (1 samples)
Overall minimum injected packet rate = 0.000396861 (1 samples)
Overall average injected packet rate = 0.000636687 (1 samples)
Overall maximum injected packet rate = 0.00127337 (1 samples)
Overall minimum accepted packet rate = 0.000396861 (1 samples)
Overall average accepted packet rate = 0.000636687 (1 samples)
Overall maximum accepted packet rate = 0.00127337 (1 samples)
Overall minimum injected flit rate = 0.00152174 (1 samples)
Overall average injected flit rate = 0.00191006 (1 samples)
Overall maximum injected flit rate = 0.00282665 (1 samples)
Overall minimum accepted flit rate = 0.000859428 (1 samples)
Overall average accepted flit rate = 0.00191006 (1 samples)
Overall maximum accepted flit rate = 0.00481359 (1 samples)
Overall average injected packet size = 3 (1 samples)
Overall average accepted packet size = 3 (1 samples)
Overall average hops = 2.31166 (1 samples)
BookSim: Total_run_time 1.16406
