#BEGIN Configuration used. Extracted from "/home/cs6290/sesc/confs/cmp4-noc.conf":
technology='techParam'
procsPerNode=4
cpucore[0:3]='issueX'
NoMigration=true
pageSize  =4096
[FileSys]
mount     ='/bin=/mipsroot/tools/bin:/lib=/mipsroot/tools/lib:/tools=/mipsroot/tools'
[voidDevice]
deviceType='void'
[NoMSHR]
bsize     =64
type      ='none'
size      =128
[Memory]
lowerLevel='voidDevice'
portOccp  =1
numPorts  =1
replPolicy='LRU'
MSHR      ='NoMSHR'
missDelay =10000
hitDelay  =200
size      =64
assoc     =1
bsize     =64
deviceType='niceCache'
[MemoryBus]
delay     =5
portOccp  =8
deviceType='bus'
lowerLevel="Memory Memory"
numPorts  =8
[MemoryCtrl]
lowerLevel="MemoryBus MemoryBus"
delay     =1
portOccp  =1
numPorts  =8
deviceType='memoryController'
[L2MSHR]
bsize     =64
size      =64
type      ='single'
[L2Slice]
lowerLevel="Router RTR sharedBy 1"
portOccpDir=1
hitDelay  =12
writePolicy='WB'
bsize     =64
inclusive =false
deviceType='slicecache'
assoc     =16
hitDelayDir=1
MSHR      ='L2MSHR'
missDelay =12
numPorts  =2
portOccp  =1
size      =1048576
numPortsDir=1
replPolicy='LRU'
[NOC]
lowerLevel="MemoryCtrl MemCtrl shared"
booksim_sample=1000000
booksim_output='booksim.log'
deviceType='booksim'
booksim_config='mesh22.booksim'
[Router]
lowerLevel="NOC NOC shared"
delay     =1
deviceType='router'
numPorts  =2
dimY      =2
dimX      =2
portOccp  =1
[DMSHR]
type      ='single'
size      =64
bsize     =64
[DMemory]
sideLowerLevel="L2Slice L2S"
missDelay =1
protocol  ='DMESI'
replPolicy='NXLRU'
bsize     =64
assoc     =4
size      =2048
lowerLevel="Router RTR sharedBy 1"
numPorts  =2
hitDelay  =1
MSHR      ='DMSHR'
portOccp  =1
deviceType='smpcache'
[FXClusterIssueX]
iStoreUnit='LDSTIssueX'
schedDelay=1
wakeupDelay=2
wakeUpPortOccp=1
wakeUpNumPorts=4
schedPortOccp=1
iBJLat    =1
iBJUnit   ='ALUIssueX'
recycleAt ='Execute'
iMultLat  =4
schedNumPorts=4
iDivLat   =12
iALULat   =1
iDivUnit  ='ALUIssueX'
iLoadUnit ='LDSTIssueX'
iStoreLat =1
iALUUnit  ='ALUIssueX'
iMultUnit ='ALUIssueX'
iLoadLat  =1
winSize   =56
[IMemory]
MSHR      ='iMSHR'
sideLowerLevel=''
numPorts  =1
bsize     =64
missDelay =1
hitDelay  =1
replPolicy='LRU'
portOccp  =1
deviceType='icache'
size      =32768
assoc     =4
protocol  ='DMESI'
lowerLevel="Router RTR sharedBy 1"
[BPredIssueX]
btbAssoc  =2
btbReplPolicy='LRU'
btbSize   =256
btbBsize  =1
localBits =2
historySize=8
BTACDelay =0
type      ='hybrid'
l2size    =2048
l2Bits    =1
Metasize  =2048
MetaBits  =2
localSize =2048
rasSize   =32
[issueX]
instrSource="IMemory IL1"
bpred     ='BPredIssueX'
fpRegs    =64
OSType    ='dummy'
robSize   =64
regFileDelay=1
interClusterLat=2
maxStores =36
frequency =1.000000e+09
bb4Cycle  =1
retireWidth=2
inorder   =false
enableICache=true
itlb      ='FXITLB'
dtlb      ='FXDTLB'
renameDelay=1
cluster[1:1]='FPClusterIssueX'
cluster   ='FXClusterIssueX'
decodeDelay=2
intRegs   =64
stForwardDelay=1
maxIRequests=4
maxLoads  =44
dataSource="DMemory DL1"
maxBranches=32
instQueueSize=32
fetchWidth=2
issueWidth=2
[FXITLB]
assoc     =4
bsize     =8
size      =512
replPolicy='LRU'
deviceType='cache'
[FPClusterIssueX]
recycleAt ='Execute'
wakeUpPortOccp=1
schedDelay=1
winSize   =16
schedPortOccp=1
wakeUpNumPorts=4
wakeupDelay=2
fpALUUnit ='FPIssueX'
fpMultLat =8
fpMultUnit='FPIssueX'
fpDivLat  =20
fpALULat  =1
fpDivUnit ='FPIssueX'
schedNumPorts=4
[FXDTLB]
assoc     =4
size      =512
bsize     =8
deviceType='cache'
replPolicy='LRU'
[ALUIssueX]
Num       =1
Occ       =1
[FPIssueX]
Occ       =1
Num       =2
[LDSTIssueX]
Num       =1
Occ       =1
[techParam]
frequency =1.000000e+09
[iMSHR]
size      =32
type      ='single'
bsize     =64
#END Configuration used. Extracted from "/home/cs6290/sesc/confs/cmp4-noc.conf":
OSSim:beginTime=Sun Oct 13 09:44:56 2024

OSSim:bench=/home/cs6290/sesc/sesc.opt -fn256.rpt -c /home/cs6290/sesc/confs/cmp4-noc.conf -olu.out -elu.err lu.mipseb -n256 -p1 
OSSim:benchName=lu.mipseb
ProcessId(0):totalTime=81091687:waitTime=0:spawnTime=0:exitTime=81091687:Switchs=1
ProcessId(0):cpu=0:migrable=false:pinned=true:pid=0:ppid=-1:parentId=-1
ProcessId:nSwitchs=1:nSpawns=0:nGradInsts=76250393:nWPathInsts=0
Proc(0):clockTicks=81091764
Proc(1):clockTicks=0
Proc(2):clockTicks=0
Proc(3):clockTicks=0
OSSim:reportName=Final
OSSim:msecs=   81.78:nCPUs=4:nCycles=81091765
OSSim:pseudoreset=0
BEGIN GStats::report Final
Read_U=0
Read_S=0
Read_E=0
Read_bS=0
Read_bE=0
Read_bS_H=0
Read_bE_H=0
Write_U=0
Write_S=0
Write_E=0
Write_bS=0
Write_bE=0
Write_bS_H=0
Write_bE_H=0
P(0)_DL1:readHit=12216226
P(0)_DL1:writeHit=6542770
P(0)_DL1:readMiss=1103359
P(0)_DL1:writeMiss=10360
P(0)_DL1:readHalfMiss=3564163
P(0)_DL1:writeHalfMiss=20804
P(0)_DL1:writeBack=723709
P(0)_DL1:linePush=0
P(0)_DL1:lineFill=1113719
P(0)_DL1:readRetry=17707
P(0)_DL1:writeRetry=12746
P(0)_DL1:invalDirty=0
P(0)_DL1:allocDirty=723709
P(0)_RTR_CTRLmsgCntHist(2)=556719
P(0)_RTR_CTRLmsgCntHist(3)=281625
P(0)_RTR_CTRLmsgCntHist(1)=551351
P(0)_RTR_CTRLmsgCntHist_MaxKey=3
P(0)_RTR_CTRLmsgCntHist_Avg=1.805910
P(0)_RTR_CTRLmsgCntHist_Samples=1389695
P(0)_RTR_CTRLmsgS1Hist(2)=5012632
P(0)_RTR_CTRLmsgS1Hist(3)=3380864
P(0)_RTR_CTRLmsgS1Hist(1)=0
P(0)_RTR_CTRLmsgS1Hist_MaxKey=3
P(0)_RTR_CTRLmsgS1Hist_Avg=2.402796
P(0)_RTR_CTRLmsgS1Hist_Samples=8393496
P(0)_RTR_CTRLmsgS2Hist(2)=45143940
P(0)_RTR_CTRLmsgS2Hist(3)=40588156
P(0)_RTR_CTRLmsgS2Hist(1)=0
P(0)_RTR_CTRLmsgS2Hist_MaxKey=3
P(0)_RTR_CTRLmsgS2Hist_Avg=2.473430
P(0)_RTR_CTRLmsgS2Hist_Samples=85732096
P(0)_RTR_DATAmsgCntHist(3)=281758
P(0)_RTR_DATAmsgCntHist(2)=556983
P(0)_RTR_DATAmsgCntHist(1)=551351
P(0)_RTR_DATAmsgCntHist_MaxKey=3
P(0)_RTR_DATAmsgCntHist_Avg=1.806061
P(0)_RTR_DATAmsgCntHist_Samples=1390092
P(0)_RTR_DATAmsgS1Hist(3)=4508692
P(0)_RTR_DATAmsgS1Hist(2)=7242893
P(0)_RTR_DATAmsgS1Hist(1)=0
P(0)_RTR_DATAmsgS1Hist_MaxKey=3
P(0)_RTR_DATAmsgS1Hist_Avg=2.383667
P(0)_RTR_DATAmsgS1Hist_Samples=11751585
P(0)_RTR_DATAmsgS2Hist(3)=72149170
P(0)_RTR_DATAmsgS2Hist(2)=94188469
P(0)_RTR_DATAmsgS2Hist(1)=0
P(0)_RTR_DATAmsgS2Hist_MaxKey=3
P(0)_RTR_DATAmsgS2Hist_Avg=2.433751
P(0)_RTR_DATAmsgS2Hist_Samples=166337639
NOC_MESH_CTRLmsgCntHist(3)=563383
NOC_MESH_CTRLmsgCntHist(2)=1113702
NOC_MESH_CTRLmsgCntHist_MaxKey=3
NOC_MESH_CTRLmsgCntHist_Avg=2.335930
NOC_MESH_CTRLmsgCntHist_Samples=1677085
NOC_MESH_CTRLmsgS1Hist(3)=6198573
NOC_MESH_CTRLmsgS1Hist(2)=8911437
NOC_MESH_CTRLmsgS1Hist_MaxKey=3
NOC_MESH_CTRLmsgS1Hist_Avg=2.410230
NOC_MESH_CTRLmsgS1Hist_Samples=15110010
NOC_MESH_CTRLmsgS2Hist(3)=68200635
NOC_MESH_CTRLmsgS2Hist(2)=71313039
NOC_MESH_CTRLmsgS2Hist_MaxKey=3
NOC_MESH_CTRLmsgS2Hist_Avg=2.488846
NOC_MESH_CTRLmsgS2Hist_Samples=139513674
NOC_MESH_DATAmsgCntHist(3)=563383
NOC_MESH_DATAmsgCntHist(2)=1113702
NOC_MESH_DATAmsgCntHist_MaxKey=3
NOC_MESH_DATAmsgCntHist_Avg=2.335930
NOC_MESH_DATAmsgCntHist_Samples=1677085
NOC_MESH_DATAmsgS1Hist(3)=8451300
NOC_MESH_DATAmsgS1Hist(2)=13366535
NOC_MESH_DATAmsgS1Hist_MaxKey=3
NOC_MESH_DATAmsgS1Hist_Avg=2.387357
NOC_MESH_DATAmsgS1Hist_Samples=21817835
NOC_MESH_DATAmsgS2Hist(3)=126778862
NOC_MESH_DATAmsgS2Hist(2)=160427121
NOC_MESH_DATAmsgS2Hist_MaxKey=3
NOC_MESH_DATAmsgS2Hist_Avg=2.441421
NOC_MESH_DATAmsgS2Hist_Samples=287205983
DataP(0)_MemoryBus_occ:v=0:n=9172
CmdP(0)_MemoryBus_occ:v=0:n=9172
P(0)_Memory:readHalfMiss=0
P(0)_Memory:writeHalfMiss=0
P(0)_Memory:writeMiss=0
P(0)_Memory:readMiss=0
P(0)_Memory:readHit=9172
P(0)_Memory:writeHit=0
P(0)_Memory:writeBack=0
P(0)_Memory:lineFill=0
P(0)_Memory:linePush=0
P(0)_Memory:nForwarded=0
P(0)_Memory:nWBFull=0
P(0)_Memory_avgPendingWrites:v=0:n=0
P(0)_Memory_avgMissLat:v=0:n=0
P(0)_Memory:rejected=0
P(0)_Memory:rejectedHits=0
P(0)_Memory_MSHR0_MSHR:nUse=0
P(0)_Memory_MSHR0_MSHR:nUseReads=0
P(0)_Memory_MSHR0_MSHR:nUseWrites=0
P(0)_Memory_MSHR0_MSHR:nOverflows=0
P(0)_Memory_MSHR0_MSHR_maxUsedEntries:max=0:n=0
P(0)_Memory_MSHR0_MSHR:nCanAccept=0
P(0)_Memory_MSHR0_MSHR:nCanNotAccept=0
P(0)_Memory_MSHR0_MSHR:nCanNotAcceptConv=0
P(0)_Memory_MSHR0_MSHR:blockingCycles_AutoAvg=0.000000
P(0)_Memory_B0:nAccesses=9172
P(0)_Memory_occ:v=0:n=0
P(0)_Memory_B0_occ:v=0:n=0
P(0)_Memory_MSHR_B0_occ:v=0:n=0
P(0)_MemoryBus_AvgTime_MemRead:v=2.5:n=1694
P(0)_MemoryBus_AvgTime_MemWrite:v=0:n=0
P(0)_MemoryBus_AvgTime_MemPush:v=0:n=0
P(0)_MemoryBus_AvgTime_MemReadW:v=2.5:n=16650
MemCtrl_bus_occ:v=0:n=9172
P(0)_RTR_bus_occ:v=0:n=2782085
P(0)_L2S:readHalfMiss=0
P(0)_L2S:writeHalfMiss=0
P(0)_L2S:writeMiss=0
P(0)_L2S:readMiss=2298
P(0)_L2S:readHit=273444
P(0)_L2S:writeHit=0
P(0)_L2S:writeBack=0
P(0)_L2S:lineFill=2298
P(0)_L2S:linePush=275609
P(0)_L2S:nForwarded=0
P(0)_L2S:nWBFull=0
P(0)_L2S_avgPendingWrites:v=0:n=0
P(0)_L2S_avgMissLat:v=210:n=2298
P(0)_L2S:rejected=0
P(0)_L2S:rejectedHits=0
P(0)_L2S_DIR_occ:v=0:n=275609
P(0)_L2S_MSHR0_MSHR:nUse=2298
P(0)_L2S_MSHR0_MSHR:nUseReads=2298
P(0)_L2S_MSHR0_MSHR:nUseWrites=0
P(0)_L2S_MSHR0_MSHR:nOverflows=0
P(0)_L2S_MSHR0_MSHR_maxUsedEntries:max=3:n=2298
P(0)_L2S_MSHR0_MSHR:nCanAccept=0
P(0)_L2S_MSHR0_MSHR:nCanNotAccept=0
P(0)_L2S_MSHR0_MSHR:nCanNotAcceptConv=0
P(0)_L2S_MSHR0_MSHR:blockingCycles_AutoAvg=0.000000
P(0)_L2S_MSHR0_MSHR_avgOverflowConsumptions:v=0:n=0
P(0)_L2S_MSHR0_MSHR_maxOutsReqs:max=3:n=2298
P(0)_L2S_MSHR0_MSHR_avgReqsPerLine:v=1:n=2298
P(0)_L2S_MSHR0_MSHR:nIssuesNewEntry=2298
P(0)_L2S_MSHR0_MSHR:nCanNotAcceptSubEntryFull=0
P(0)_L2S_MSHR0_MSHR:nCanNotAcceptTooManyWrites=0
P(0)_L2S_MSHR0_MSHR_avgQueueSize:v=0:n=2298
P(0)_L2S_MSHR0_MSHR_avgWritesPerLine:v=0:n=2298
P(0)_L2S_MSHR0_MSHR_avgWritesPerLineComb:v=0:n=2298
P(0)_L2S_MSHR0_MSHR:nOnlyWrites=0
P(0)_L2S_MSHR0_MSHR:nRetiredEntries=2298
P(0)_L2S_MSHR0_MSHR:nRetiredEntriesWritten=0
P(0)_L2S_B0:nAccesses=0
P(0)_L2S_occ:v=0:n=551351
P(0)_L2S_B0_occ:v=0:n=553649
P(0)_L2S_MSHR_B0_occ:v=0:n=6894
P(0)_DL1_occ:v=0.0838884:n=20783437
P(0)_DL1_MSHR:nUse=19872715
P(0)_DL1_MSHR:nUseReads=19872715
P(0)_DL1_MSHR:nUseWrites=0
P(0)_DL1_MSHR:nOverflows=0
P(0)_DL1_MSHR_maxUsedEntries:max=15:n=16287748
P(0)_DL1_MSHR:nCanAccept=6553130
P(0)_DL1_MSHR:nCanNotAccept=0
P(0)_DL1_MSHR:nCanNotAcceptConv=0
P(0)_DL1_MSHR:blockingCycles(0)=81091765
P(0)_DL1_MSHR:blockingCycles_AutoAvg=0.000000
P(0)_DL1_MSHR_avgOverflowConsumptions:v=0:n=0
P(0)_DL1_MSHR_maxOutsReqs:max=135:n=19872715
P(0)_DL1_MSHR_avgReqsPerLine:v=1.2201:n=16287748
P(0)_DL1_MSHR:nIssuesNewEntry=16287748
P(0)_DL1_MSHR:nCanNotAcceptSubEntryFull=0
P(0)_DL1_MSHR:nCanNotAcceptTooManyWrites=0
P(0)_DL1_MSHR_avgQueueSize:v=3.35298:n=19872715
P(0)_DL1_MSHR_avgWritesPerLine:v=0:n=16287748
P(0)_DL1_MSHR_avgWritesPerLineComb:v=0:n=16287748
P(0)_DL1_MSHR:nOnlyWrites=0
P(0)_DL1_MSHR:nRetiredEntries=16287748
P(0)_DL1_MSHR:nRetiredEntriesWritten=0
P(0)_IL1:readHit=40777565
P(0)_IL1:writeHit=0
P(0)_IL1:readMiss=764
P(0)_IL1:writeMiss=0
P(0)_IL1:readHalfMiss=1314
P(0)_IL1:writeHalfMiss=0
P(0)_IL1:writeBack=0
P(0)_IL1:linePush=0
P(0)_IL1:lineFill=764
P(0)_IL1:readRetry=0
P(0)_IL1:writeRetry=0
P(0)_IL1:invalDirty=0
P(0)_IL1:allocDirty=0
P(0)_IL1_occ:v=0.000102133:n=40780071
P(0)_IL1_MSHR:nUse=40778329
P(0)_IL1_MSHR:nUseReads=40778329
P(0)_IL1_MSHR:nUseWrites=0
P(0)_IL1_MSHR:nOverflows=0
P(0)_IL1_MSHR_maxUsedEntries:max=3:n=40777015
P(0)_IL1_MSHR:nCanAccept=0
P(0)_IL1_MSHR:nCanNotAccept=0
P(0)_IL1_MSHR:nCanNotAcceptConv=0
P(0)_IL1_MSHR:blockingCycles_AutoAvg=0.000000
P(0)_IL1_MSHR_avgOverflowConsumptions:v=0:n=0
P(0)_IL1_MSHR_maxOutsReqs:max=4:n=40778329
P(0)_IL1_MSHR_avgReqsPerLine:v=1.00003:n=40777015
P(0)_IL1_MSHR:nIssuesNewEntry=40777015
P(0)_IL1_MSHR:nCanNotAcceptSubEntryFull=0
P(0)_IL1_MSHR:nCanNotAcceptTooManyWrites=0
P(0)_IL1_MSHR_avgQueueSize:v=0.000572191:n=40778329
P(0)_IL1_MSHR_avgWritesPerLine:v=0:n=40777015
P(0)_IL1_MSHR_avgWritesPerLineComb:v=0:n=40777015
P(0)_IL1_MSHR:nOnlyWrites=0
P(0)_IL1_MSHR:nRetiredEntries=40777015
P(0)_IL1_MSHR:nRetiredEntriesWritten=0
LDSTQ(0)_ldldViolations=109
LDSTQ(0)_stldViolations=0
LDSTQ(0)_ststViolations=38
LDSTQ(0)_stldForwarding=628
Proc(0)_FXClusterIssueX:nReplay=66402
Proc(0)_FXClusterIssueX_wakeUp_occ:v=0.125349:n=131414834
Proc(0)_FXClusterIssueX_sched_occ:v=0.00230197:n=64901352
Proc(0)_FXClusterIssueX_winNotUsed:v=41.0269:n=64901352
ALUIssueX(0)_occ:v=2.01066:n=44567145
LDSTIssueX(0)_occ:v=0.557115:n=26887337
FULoad(0)_ldqNotUsed:v=33.2182:n=13781077
FULoad(0):nForwarded=461492
FUStore(0)_stqNotUsed:v=30.5247:n=6553130
FUStore(0):nDeadStore=0
FUStore(0):nFences=0
FUStore(0):fenceStallCycles=0
Proc(0)_FPClusterIssueX:nReplay=0
Proc(0)_FPClusterIssueX_wakeUp_occ:v=0.0183977:n=21085950
Proc(0)_FPClusterIssueX_sched_occ:v=0:n=11349040
Proc(0)_FPClusterIssueX_winNotUsed:v=11.7301:n=11349040
FPIssueX(0)_occ:v=0.09642:n=11349040
Proc(0)_robUsed:v=60.3783:n=81091764
Processor(0)_noFetch=0
Processor(0)_noFetch2=40313435
ExeEngine(0)_retired:v=0.941957:n=80948921
ExeEngine(0):noRetOtherCause=0
Processor(0):nLocks=0
Processor(0):nLockContCycles=0
ExeEngine(0):nSmallWin=5031
ExeEngine(0):nSmallROB=75893775
ExeEngine(0):nSmallREG=0
ExeEngine(0):nOutsLoads=0
ExeEngine(0):nOutsStores=0
ExeEngine(0):nOutsBranches=0
ExeEngine(0):nReplays=0
ExeEngine(0):PortConflict=0
ExeEngine(0):switch=0
ExeEngine(0):noRetSelf_iOpInvalid_NotExecuted=0
ExeEngine(0):noRetSelf_iALU_NotExecuted=3973815
ExeEngine(0):noRetSelf_iMult_NotExecuted=6475
ExeEngine(0):noRetSelf_iDiv_NotExecuted=14876
ExeEngine(0):noRetSelf_iBJ_NotExecuted=13069
ExeEngine(0):noRetSelf_iLoad_NotExecuted=28630848
ExeEngine(0):noRetSelf_iStore_NotExecuted=4347943
ExeEngine(0):noRetSelf_fpALU_NotExecuted=2461428
ExeEngine(0):noRetSelf_fpMult_NotExecuted=2622849
ExeEngine(0):noRetSelf_fpDiv_NotExecuted=2078295
ExeEngine(0):noRetSelf_iFence_NotExecuted=0
ExeEngine(0):noRetSelf_iLoad_NotFinished=0
ExeEngine(0):noRetSelf_iStore_NoCacheSpace=0
ExeEngine(0):noRetSelf_iStore_NoCachePorts=524
ExeEngine(0):noRetSelf_iStore_WaitForFence=0
ExeEngine(0):noRetSelf_iFence_NoCacheSpace=0
ExeEngine(0):noRetSelf_iFence_WaitForFence=0
ExeEngine(0):noRetOther_iOpInvalid_NotExecuted=0
ExeEngine(0):noRetOther_iALU_NotExecuted=3220093
ExeEngine(0):noRetOther_iMult_NotExecuted=5414
ExeEngine(0):noRetOther_iDiv_NotExecuted=13247
ExeEngine(0):noRetOther_iBJ_NotExecuted=8623
ExeEngine(0):noRetOther_iLoad_NotExecuted=27792523
ExeEngine(0):noRetOther_iStore_NotExecuted=3807329
ExeEngine(0):noRetOther_fpALU_NotExecuted=2051462
ExeEngine(0):noRetOther_fpMult_NotExecuted=2584162
ExeEngine(0):noRetOther_fpDiv_NotExecuted=2011781
ExeEngine(0):noRetOther_iFence_NotExecuted=0
ExeEngine(0):noRetOther_iLoad_NotFinished=0
ExeEngine(0):noRetOther_iStore_NoCacheSpace=0
ExeEngine(0):noRetOther_iStore_NoCachePorts=316
ExeEngine(0):noRetOther_iStore_WaitForFence=0
ExeEngine(0):noRetOther_iFence_NoCacheSpace=0
ExeEngine(0):noRetOther_iFence_WaitForFence=0
PendingWindow(0)_iOpInvalid:n=0
PendingWindow(0)_iALU:n=36574480
PendingWindow(0)_iComplex:n=790951
PendingWindow(0)_iBJ:n=7201714
PendingWindow(0)_iLoad:n=13781077
PendingWindow(0)_iStore:n=6553130
PendingWindow(0)_fpALU:n=5690915
PendingWindow(0)_fpComplex:n=5658125
PendingWindow(0)_other:n=0
FetchEngine(0)_avgBranchTime:v=12.7229:n=380565
FetchEngine(0)_avgInstsFetched:v=0:n=0
FetchEngine(0):nDelayInst1=9683798
FetchEngine(0):nDelayInst2=4970664
FetchEngine(0):nFetched=76250392
FetchEngine(0):nBTAC=0
FetchEngine(0):szBB(59)=5
FetchEngine(0):szBB(36)=15
FetchEngine(0):szBB(48)=255
FetchEngine(0):szBB(30)=65385
FetchEngine(0):szBB(53)=1
FetchEngine(0):szBB(29)=65536
FetchEngine(0):szBB(37)=65536
FetchEngine(0):szBB(26)=1
FetchEngine(0):szBB(54)=1
FetchEngine(0):szBB(27)=11
FetchEngine(0):szBB(7)=21481
FetchEngine(0):szBB(9)=1972
FetchEngine(0):szBB(11)=5043619
FetchEngine(0):szBB(1)=19752
FetchEngine(0):szBB(5)=1464
FetchEngine(0):szBB(6)=3509
FetchEngine(0):szBB(32)=1
FetchEngine(0):szBB(3)=230223
FetchEngine(0):szBB(4)=795800
FetchEngine(0):szBB(33)=9
FetchEngine(0):szBB(76)=15
FetchEngine(0):szBB(17)=28
FetchEngine(0):szBB(16)=263
FetchEngine(0):szBB(15)=30836
FetchEngine(0):szBB(2)=70719
FetchEngine(0):szBB(12)=287621
FetchEngine(0):szBB(18)=121
FetchEngine(0):szBB(14)=332343
FetchEngine(0):szBB(10)=162973
FetchEngine(0):szBB(39)=1
FetchEngine(0):szBB(19)=42
FetchEngine(0):szBB(8)=159
FetchEngine(0):szBB(22)=18
FetchEngine(0):szBB(20)=57
FetchEngine(0):szBB(25)=3
FetchEngine(0):szBB(21)=38
FetchEngine(0):szBB(13)=1492
FetchEngine(0):szBB(28)=7
FetchEngine(0):szBB(24)=385
FetchEngine(0):szBB(23)=17
FetchEngine(0):szBB_MaxKey=76
FetchEngine(0):szBB_Avg=10.587811
FetchEngine(0):szBB_Samples=7201714
FetchEngine(0):szFB(59)=5
FetchEngine(0):szFB(47)=1240
FetchEngine(0):szFB(42)=210
FetchEngine(0):szFB(43)=120
FetchEngine(0):szFB(44)=15
FetchEngine(0):szFB(49)=19
FetchEngine(0):szFB(56)=15
FetchEngine(0):szFB(38)=16
FetchEngine(0):szFB(46)=1
FetchEngine(0):szFB(48)=255
FetchEngine(0):szFB(58)=1
FetchEngine(0):szFB(37)=65541
FetchEngine(0):szFB(36)=6
FetchEngine(0):szFB(57)=1
FetchEngine(0):szFB(33)=5
FetchEngine(0):szFB(45)=24
FetchEngine(0):szFB(80)=15
FetchEngine(0):szFB(21)=66721
FetchEngine(0):szFB(41)=2
FetchEngine(0):szFB(24)=288
FetchEngine(0):szFB(40)=52
FetchEngine(0):szFB(26)=17
FetchEngine(0):szFB(29)=2693
FetchEngine(0):szFB(28)=1683
FetchEngine(0):szFB(16)=122
FetchEngine(0):szFB(35)=30
FetchEngine(0):szFB(3)=2192
FetchEngine(0):szFB(32)=391
FetchEngine(0):szFB(1)=201
FetchEngine(0):szFB(30)=65134
FetchEngine(0):szFB(27)=244
FetchEngine(0):szFB(11)=4646447
FetchEngine(0):szFB(61)=106
FetchEngine(0):szFB(2)=868
FetchEngine(0):szFB(31)=65806
FetchEngine(0):szFB(15)=402752
FetchEngine(0):szFB(6)=156
FetchEngine(0):szFB(7)=720
FetchEngine(0):szFB(72)=4
FetchEngine(0):szFB(13)=205
FetchEngine(0):szFB(51)=1
FetchEngine(0):szFB(22)=18609
FetchEngine(0):szFB(17)=88
FetchEngine(0):szFB(5)=832
FetchEngine(0):szFB(34)=139
FetchEngine(0):szFB(18)=310259
FetchEngine(0):szFB(12)=190851
FetchEngine(0):szFB(4)=66025
FetchEngine(0):szFB(14)=495
FetchEngine(0):szFB(10)=132989
FetchEngine(0):szFB(78)=1
FetchEngine(0):szFB(19)=20668
FetchEngine(0):szFB(9)=176
FetchEngine(0):szFB(8)=116
FetchEngine(0):szFB(20)=35
FetchEngine(0):szFB(25)=28572
FetchEngine(0):szFB(23)=31
FetchEngine(0):szFB_MaxKey=80
FetchEngine(0):szFB_Avg=12.511939
FetchEngine(0):szFB_Samples=6094210
FetchEngine(0):szFS(1)=5306266
FetchEngine(0):szFS(2)=35472063
FetchEngine(0):szFS_MaxKey=2
FetchEngine(0):szFS_Avg=1.869875
FetchEngine(0):szFS_Samples=40778329
BPred(0)_RAS:nHit=197347
BPred(0)_RAS:nMiss=4
BPred(0):nBranches=7201714
BPred(0):nTaken=6094210
BPred(0):nMiss=380565
BPred(0)_Hybrid:nHit=6623802
BPred(0)_Hybrid:nMiss=380561
BPred(0)_BTB:nHit=5893130
BPred(0)_BTB:nMiss=1121
P(1)_DL1:readHit=0
P(1)_DL1:writeHit=0
P(1)_DL1:readMiss=0
P(1)_DL1:writeMiss=0
P(1)_DL1:readHalfMiss=0
P(1)_DL1:writeHalfMiss=0
P(1)_DL1:writeBack=0
P(1)_DL1:linePush=0
P(1)_DL1:lineFill=0
P(1)_DL1:readRetry=0
P(1)_DL1:writeRetry=0
P(1)_DL1:invalDirty=0
P(1)_DL1:allocDirty=0
P(1)_RTR_CTRLmsgCntHist(2)=279519
P(1)_RTR_CTRLmsgCntHist_MaxKey=2
P(1)_RTR_CTRLmsgCntHist_Avg=2.000000
P(1)_RTR_CTRLmsgCntHist_Samples=279519
P(1)_RTR_CTRLmsgS1Hist(2)=2527270
P(1)_RTR_CTRLmsgS1Hist_MaxKey=2
P(1)_RTR_CTRLmsgS1Hist_Avg=2.000000
P(1)_RTR_CTRLmsgS1Hist_Samples=2527270
P(1)_RTR_CTRLmsgS2Hist(2)=22903794
P(1)_RTR_CTRLmsgS2Hist_MaxKey=2
P(1)_RTR_CTRLmsgS2Hist_Avg=2.000000
P(1)_RTR_CTRLmsgS2Hist_Samples=22903794
P(1)_RTR_DATAmsgCntHist(2)=279387
P(1)_RTR_DATAmsgCntHist_MaxKey=2
P(1)_RTR_DATAmsgCntHist_Avg=2.000000
P(1)_RTR_DATAmsgCntHist_Samples=279387
P(1)_RTR_DATAmsgS1Hist(2)=3710096
P(1)_RTR_DATAmsgS1Hist_MaxKey=2
P(1)_RTR_DATAmsgS1Hist_Avg=2.000000
P(1)_RTR_DATAmsgS1Hist_Samples=3710096
P(1)_RTR_DATAmsgS2Hist(2)=49482084
P(1)_RTR_DATAmsgS2Hist_MaxKey=2
P(1)_RTR_DATAmsgS2Hist_Avg=2.000000
P(1)_RTR_DATAmsgS2Hist_Samples=49482084
P(1)_RTR_bus_occ:v=0:n=561193
P(1)_L2S:readHalfMiss=0
P(1)_L2S:writeHalfMiss=0
P(1)_L2S:writeMiss=0
P(1)_L2S:readMiss=2287
P(1)_L2S:readHit=277232
P(1)_L2S:writeHit=0
P(1)_L2S:writeBack=0
P(1)_L2S:lineFill=2287
P(1)_L2S:linePush=279387
P(1)_L2S:nForwarded=0
P(1)_L2S:nWBFull=0
P(1)_L2S_avgPendingWrites:v=0:n=0
P(1)_L2S_avgMissLat:v=210:n=2287
P(1)_L2S:rejected=0
P(1)_L2S:rejectedHits=0
P(1)_L2S_DIR_occ:v=0:n=279387
P(1)_L2S_MSHR0_MSHR:nUse=2287
P(1)_L2S_MSHR0_MSHR:nUseReads=2287
P(1)_L2S_MSHR0_MSHR:nUseWrites=0
P(1)_L2S_MSHR0_MSHR:nOverflows=0
P(1)_L2S_MSHR0_MSHR_maxUsedEntries:max=3:n=2287
P(1)_L2S_MSHR0_MSHR:nCanAccept=0
P(1)_L2S_MSHR0_MSHR:nCanNotAccept=0
P(1)_L2S_MSHR0_MSHR:nCanNotAcceptConv=0
P(1)_L2S_MSHR0_MSHR:blockingCycles_AutoAvg=0.000000
P(1)_L2S_MSHR0_MSHR_avgOverflowConsumptions:v=0:n=0
P(1)_L2S_MSHR0_MSHR_maxOutsReqs:max=3:n=2287
P(1)_L2S_MSHR0_MSHR_avgReqsPerLine:v=1:n=2287
P(1)_L2S_MSHR0_MSHR:nIssuesNewEntry=2287
P(1)_L2S_MSHR0_MSHR:nCanNotAcceptSubEntryFull=0
P(1)_L2S_MSHR0_MSHR:nCanNotAcceptTooManyWrites=0
P(1)_L2S_MSHR0_MSHR_avgQueueSize:v=0:n=2287
P(1)_L2S_MSHR0_MSHR_avgWritesPerLine:v=0:n=2287
P(1)_L2S_MSHR0_MSHR_avgWritesPerLineComb:v=0:n=2287
P(1)_L2S_MSHR0_MSHR:nOnlyWrites=0
P(1)_L2S_MSHR0_MSHR:nRetiredEntries=2287
P(1)_L2S_MSHR0_MSHR:nRetiredEntriesWritten=0
P(1)_L2S_B0:nAccesses=0
P(1)_L2S_occ:v=0:n=558906
P(1)_L2S_B0_occ:v=0:n=561193
P(1)_L2S_MSHR_B0_occ:v=0.000145751:n=6861
P(1)_DL1_occ:v=0:n=0
P(1)_DL1_MSHR:nUse=0
P(1)_DL1_MSHR:nUseReads=0
P(1)_DL1_MSHR:nUseWrites=0
P(1)_DL1_MSHR:nOverflows=0
P(1)_DL1_MSHR_maxUsedEntries:max=0:n=0
P(1)_DL1_MSHR:nCanAccept=0
P(1)_DL1_MSHR:nCanNotAccept=0
P(1)_DL1_MSHR:nCanNotAcceptConv=0
P(1)_DL1_MSHR:blockingCycles_AutoAvg=0.000000
P(1)_DL1_MSHR_avgOverflowConsumptions:v=0:n=0
P(1)_DL1_MSHR_maxOutsReqs:max=0:n=0
P(1)_DL1_MSHR_avgReqsPerLine:v=0:n=0
P(1)_DL1_MSHR:nIssuesNewEntry=0
P(1)_DL1_MSHR:nCanNotAcceptSubEntryFull=0
P(1)_DL1_MSHR:nCanNotAcceptTooManyWrites=0
P(1)_DL1_MSHR_avgQueueSize:v=0:n=0
P(1)_DL1_MSHR_avgWritesPerLine:v=0:n=0
P(1)_DL1_MSHR_avgWritesPerLineComb:v=0:n=0
P(1)_DL1_MSHR:nOnlyWrites=0
P(1)_DL1_MSHR:nRetiredEntries=0
P(1)_DL1_MSHR:nRetiredEntriesWritten=0
P(1)_IL1:readHit=0
P(1)_IL1:writeHit=0
P(1)_IL1:readMiss=0
P(1)_IL1:writeMiss=0
P(1)_IL1:readHalfMiss=0
P(1)_IL1:writeHalfMiss=0
P(1)_IL1:writeBack=0
P(1)_IL1:linePush=0
P(1)_IL1:lineFill=0
P(1)_IL1:readRetry=0
P(1)_IL1:writeRetry=0
P(1)_IL1:invalDirty=0
P(1)_IL1:allocDirty=0
P(1)_IL1_occ:v=0:n=0
P(1)_IL1_MSHR:nUse=0
P(1)_IL1_MSHR:nUseReads=0
P(1)_IL1_MSHR:nUseWrites=0
P(1)_IL1_MSHR:nOverflows=0
P(1)_IL1_MSHR_maxUsedEntries:max=0:n=0
P(1)_IL1_MSHR:nCanAccept=0
P(1)_IL1_MSHR:nCanNotAccept=0
P(1)_IL1_MSHR:nCanNotAcceptConv=0
P(1)_IL1_MSHR:blockingCycles_AutoAvg=0.000000
P(1)_IL1_MSHR_avgOverflowConsumptions:v=0:n=0
P(1)_IL1_MSHR_maxOutsReqs:max=0:n=0
P(1)_IL1_MSHR_avgReqsPerLine:v=0:n=0
P(1)_IL1_MSHR:nIssuesNewEntry=0
P(1)_IL1_MSHR:nCanNotAcceptSubEntryFull=0
P(1)_IL1_MSHR:nCanNotAcceptTooManyWrites=0
P(1)_IL1_MSHR_avgQueueSize:v=0:n=0
P(1)_IL1_MSHR_avgWritesPerLine:v=0:n=0
P(1)_IL1_MSHR_avgWritesPerLineComb:v=0:n=0
P(1)_IL1_MSHR:nOnlyWrites=0
P(1)_IL1_MSHR:nRetiredEntries=0
P(1)_IL1_MSHR:nRetiredEntriesWritten=0
LDSTQ(1)_ldldViolations=0
LDSTQ(1)_stldViolations=0
LDSTQ(1)_ststViolations=0
LDSTQ(1)_stldForwarding=0
Proc(1)_FXClusterIssueX:nReplay=0
Proc(1)_FXClusterIssueX_wakeUp_occ:v=0:n=0
Proc(1)_FXClusterIssueX_sched_occ:v=0:n=0
Proc(1)_FXClusterIssueX_winNotUsed:v=0:n=0
ALUIssueX(1)_occ:v=0:n=0
LDSTIssueX(1)_occ:v=0:n=0
FULoad(1)_ldqNotUsed:v=0:n=0
FULoad(1):nForwarded=0
FUStore(1)_stqNotUsed:v=0:n=0
FUStore(1):nDeadStore=0
FUStore(1):nFences=0
FUStore(1):fenceStallCycles=0
Proc(1)_FPClusterIssueX:nReplay=0
Proc(1)_FPClusterIssueX_wakeUp_occ:v=0:n=0
Proc(1)_FPClusterIssueX_sched_occ:v=0:n=0
Proc(1)_FPClusterIssueX_winNotUsed:v=0:n=0
FPIssueX(1)_occ:v=0:n=0
Proc(1)_robUsed:v=0:n=0
Processor(1)_noFetch=0
Processor(1)_noFetch2=0
ExeEngine(1)_retired:v=0:n=0
ExeEngine(1):noRetOtherCause=0
Processor(1):nLocks=0
Processor(1):nLockContCycles=0
ExeEngine(1):nSmallWin=0
ExeEngine(1):nSmallROB=0
ExeEngine(1):nSmallREG=0
ExeEngine(1):nOutsLoads=0
ExeEngine(1):nOutsStores=0
ExeEngine(1):nOutsBranches=0
ExeEngine(1):nReplays=0
ExeEngine(1):PortConflict=0
ExeEngine(1):switch=0
ExeEngine(1):noRetSelf_iOpInvalid_NotExecuted=0
ExeEngine(1):noRetSelf_iALU_NotExecuted=0
ExeEngine(1):noRetSelf_iMult_NotExecuted=0
ExeEngine(1):noRetSelf_iDiv_NotExecuted=0
ExeEngine(1):noRetSelf_iBJ_NotExecuted=0
ExeEngine(1):noRetSelf_iLoad_NotExecuted=0
ExeEngine(1):noRetSelf_iStore_NotExecuted=0
ExeEngine(1):noRetSelf_fpALU_NotExecuted=0
ExeEngine(1):noRetSelf_fpMult_NotExecuted=0
ExeEngine(1):noRetSelf_fpDiv_NotExecuted=0
ExeEngine(1):noRetSelf_iFence_NotExecuted=0
ExeEngine(1):noRetSelf_iLoad_NotFinished=0
ExeEngine(1):noRetSelf_iStore_NoCacheSpace=0
ExeEngine(1):noRetSelf_iStore_NoCachePorts=0
ExeEngine(1):noRetSelf_iStore_WaitForFence=0
ExeEngine(1):noRetSelf_iFence_NoCacheSpace=0
ExeEngine(1):noRetSelf_iFence_WaitForFence=0
ExeEngine(1):noRetOther_iOpInvalid_NotExecuted=0
ExeEngine(1):noRetOther_iALU_NotExecuted=0
ExeEngine(1):noRetOther_iMult_NotExecuted=0
ExeEngine(1):noRetOther_iDiv_NotExecuted=0
ExeEngine(1):noRetOther_iBJ_NotExecuted=0
ExeEngine(1):noRetOther_iLoad_NotExecuted=0
ExeEngine(1):noRetOther_iStore_NotExecuted=0
ExeEngine(1):noRetOther_fpALU_NotExecuted=0
ExeEngine(1):noRetOther_fpMult_NotExecuted=0
ExeEngine(1):noRetOther_fpDiv_NotExecuted=0
ExeEngine(1):noRetOther_iFence_NotExecuted=0
ExeEngine(1):noRetOther_iLoad_NotFinished=0
ExeEngine(1):noRetOther_iStore_NoCacheSpace=0
ExeEngine(1):noRetOther_iStore_NoCachePorts=0
ExeEngine(1):noRetOther_iStore_WaitForFence=0
ExeEngine(1):noRetOther_iFence_NoCacheSpace=0
ExeEngine(1):noRetOther_iFence_WaitForFence=0
PendingWindow(1)_iOpInvalid:n=0
PendingWindow(1)_iALU:n=0
PendingWindow(1)_iComplex:n=0
PendingWindow(1)_iBJ:n=0
PendingWindow(1)_iLoad:n=0
PendingWindow(1)_iStore:n=0
PendingWindow(1)_fpALU:n=0
PendingWindow(1)_fpComplex:n=0
PendingWindow(1)_other:n=0
FetchEngine(1)_avgBranchTime:v=0:n=0
FetchEngine(1)_avgInstsFetched:v=0:n=0
FetchEngine(1):nDelayInst1=0
FetchEngine(1):nDelayInst2=0
FetchEngine(1):nFetched=0
FetchEngine(1):nBTAC=0
FetchEngine(1):szBB_MaxKey=0
FetchEngine(1):szBB_Avg=-nan
FetchEngine(1):szBB_Samples=0
FetchEngine(1):szFB_MaxKey=0
FetchEngine(1):szFB_Avg=-nan
FetchEngine(1):szFB_Samples=0
FetchEngine(1):szFS_MaxKey=0
FetchEngine(1):szFS_Avg=-nan
FetchEngine(1):szFS_Samples=0
BPred(1)_RAS:nHit=0
BPred(1)_RAS:nMiss=0
BPred(1):nBranches=0
BPred(1):nTaken=0
BPred(1):nMiss=0
BPred(1)_Hybrid:nHit=0
BPred(1)_Hybrid:nMiss=0
BPred(1)_BTB:nHit=0
BPred(1)_BTB:nMiss=0
P(2)_DL1:readHit=0
P(2)_DL1:writeHit=0
P(2)_DL1:readMiss=0
P(2)_DL1:writeMiss=0
P(2)_DL1:readHalfMiss=0
P(2)_DL1:writeHalfMiss=0
P(2)_DL1:writeBack=0
P(2)_DL1:linePush=0
P(2)_DL1:lineFill=0
P(2)_DL1:readRetry=0
P(2)_DL1:writeRetry=0
P(2)_DL1:invalDirty=0
P(2)_DL1:allocDirty=0
P(2)_RTR_CTRLmsgCntHist(2)=277464
P(2)_RTR_CTRLmsgCntHist_MaxKey=2
P(2)_RTR_CTRLmsgCntHist_Avg=2.000000
P(2)_RTR_CTRLmsgCntHist_Samples=277464
P(2)_RTR_CTRLmsgS1Hist(2)=2499894
P(2)_RTR_CTRLmsgS1Hist_MaxKey=2
P(2)_RTR_CTRLmsgS1Hist_Avg=2.000000
P(2)_RTR_CTRLmsgS1Hist_Samples=2499894
P(2)_RTR_CTRLmsgS2Hist(2)=22537196
P(2)_RTR_CTRLmsgS2Hist_MaxKey=2
P(2)_RTR_CTRLmsgS2Hist_Avg=2.000000
P(2)_RTR_CTRLmsgS2Hist_Samples=22537196
P(2)_RTR_DATAmsgCntHist(2)=277332
P(2)_RTR_DATAmsgCntHist_MaxKey=2
P(2)_RTR_DATAmsgCntHist_Avg=2.000000
P(2)_RTR_DATAmsgCntHist_Samples=277332
P(2)_RTR_DATAmsgS1Hist(2)=3605891
P(2)_RTR_DATAmsgS1Hist_MaxKey=2
P(2)_RTR_DATAmsgS1Hist_Avg=2.000000
P(2)_RTR_DATAmsgS1Hist_Samples=3605891
P(2)_RTR_DATAmsgS2Hist(2)=46884871
P(2)_RTR_DATAmsgS2Hist_MaxKey=2
P(2)_RTR_DATAmsgS2Hist_Avg=2.000000
P(2)_RTR_DATAmsgS2Hist_Samples=46884871
P(2)_RTR_bus_occ:v=0:n=557092
P(2)_L2S:readHalfMiss=0
P(2)_L2S:writeHalfMiss=0
P(2)_L2S:writeMiss=0
P(2)_L2S:readMiss=2296
P(2)_L2S:readHit=275168
P(2)_L2S:writeHit=0
P(2)_L2S:writeBack=0
P(2)_L2S:lineFill=2296
P(2)_L2S:linePush=277332
P(2)_L2S:nForwarded=0
P(2)_L2S:nWBFull=0
P(2)_L2S_avgPendingWrites:v=0:n=0
P(2)_L2S_avgMissLat:v=210:n=2296
P(2)_L2S:rejected=0
P(2)_L2S:rejectedHits=0
P(2)_L2S_DIR_occ:v=0:n=277332
P(2)_L2S_MSHR0_MSHR:nUse=2296
P(2)_L2S_MSHR0_MSHR:nUseReads=2296
P(2)_L2S_MSHR0_MSHR:nUseWrites=0
P(2)_L2S_MSHR0_MSHR:nOverflows=0
P(2)_L2S_MSHR0_MSHR_maxUsedEntries:max=3:n=2296
P(2)_L2S_MSHR0_MSHR:nCanAccept=0
P(2)_L2S_MSHR0_MSHR:nCanNotAccept=0
P(2)_L2S_MSHR0_MSHR:nCanNotAcceptConv=0
P(2)_L2S_MSHR0_MSHR:blockingCycles_AutoAvg=0.000000
P(2)_L2S_MSHR0_MSHR_avgOverflowConsumptions:v=0:n=0
P(2)_L2S_MSHR0_MSHR_maxOutsReqs:max=3:n=2296
P(2)_L2S_MSHR0_MSHR_avgReqsPerLine:v=1:n=2296
P(2)_L2S_MSHR0_MSHR:nIssuesNewEntry=2296
P(2)_L2S_MSHR0_MSHR:nCanNotAcceptSubEntryFull=0
P(2)_L2S_MSHR0_MSHR:nCanNotAcceptTooManyWrites=0
P(2)_L2S_MSHR0_MSHR_avgQueueSize:v=0:n=2296
P(2)_L2S_MSHR0_MSHR_avgWritesPerLine:v=0:n=2296
P(2)_L2S_MSHR0_MSHR_avgWritesPerLineComb:v=0:n=2296
P(2)_L2S_MSHR0_MSHR:nOnlyWrites=0
P(2)_L2S_MSHR0_MSHR:nRetiredEntries=2296
P(2)_L2S_MSHR0_MSHR:nRetiredEntriesWritten=0
P(2)_L2S_B0:nAccesses=0
P(2)_L2S_occ:v=0:n=554796
P(2)_L2S_B0_occ:v=0:n=557092
P(2)_L2S_MSHR_B0_occ:v=0:n=6888
P(2)_DL1_occ:v=0:n=0
P(2)_DL1_MSHR:nUse=0
P(2)_DL1_MSHR:nUseReads=0
P(2)_DL1_MSHR:nUseWrites=0
P(2)_DL1_MSHR:nOverflows=0
P(2)_DL1_MSHR_maxUsedEntries:max=0:n=0
P(2)_DL1_MSHR:nCanAccept=0
P(2)_DL1_MSHR:nCanNotAccept=0
P(2)_DL1_MSHR:nCanNotAcceptConv=0
P(2)_DL1_MSHR:blockingCycles_AutoAvg=0.000000
P(2)_DL1_MSHR_avgOverflowConsumptions:v=0:n=0
P(2)_DL1_MSHR_maxOutsReqs:max=0:n=0
P(2)_DL1_MSHR_avgReqsPerLine:v=0:n=0
P(2)_DL1_MSHR:nIssuesNewEntry=0
P(2)_DL1_MSHR:nCanNotAcceptSubEntryFull=0
P(2)_DL1_MSHR:nCanNotAcceptTooManyWrites=0
P(2)_DL1_MSHR_avgQueueSize:v=0:n=0
P(2)_DL1_MSHR_avgWritesPerLine:v=0:n=0
P(2)_DL1_MSHR_avgWritesPerLineComb:v=0:n=0
P(2)_DL1_MSHR:nOnlyWrites=0
P(2)_DL1_MSHR:nRetiredEntries=0
P(2)_DL1_MSHR:nRetiredEntriesWritten=0
P(2)_IL1:readHit=0
P(2)_IL1:writeHit=0
P(2)_IL1:readMiss=0
P(2)_IL1:writeMiss=0
P(2)_IL1:readHalfMiss=0
P(2)_IL1:writeHalfMiss=0
P(2)_IL1:writeBack=0
P(2)_IL1:linePush=0
P(2)_IL1:lineFill=0
P(2)_IL1:readRetry=0
P(2)_IL1:writeRetry=0
P(2)_IL1:invalDirty=0
P(2)_IL1:allocDirty=0
P(2)_IL1_occ:v=0:n=0
P(2)_IL1_MSHR:nUse=0
P(2)_IL1_MSHR:nUseReads=0
P(2)_IL1_MSHR:nUseWrites=0
P(2)_IL1_MSHR:nOverflows=0
P(2)_IL1_MSHR_maxUsedEntries:max=0:n=0
P(2)_IL1_MSHR:nCanAccept=0
P(2)_IL1_MSHR:nCanNotAccept=0
P(2)_IL1_MSHR:nCanNotAcceptConv=0
P(2)_IL1_MSHR:blockingCycles_AutoAvg=0.000000
P(2)_IL1_MSHR_avgOverflowConsumptions:v=0:n=0
P(2)_IL1_MSHR_maxOutsReqs:max=0:n=0
P(2)_IL1_MSHR_avgReqsPerLine:v=0:n=0
P(2)_IL1_MSHR:nIssuesNewEntry=0
P(2)_IL1_MSHR:nCanNotAcceptSubEntryFull=0
P(2)_IL1_MSHR:nCanNotAcceptTooManyWrites=0
P(2)_IL1_MSHR_avgQueueSize:v=0:n=0
P(2)_IL1_MSHR_avgWritesPerLine:v=0:n=0
P(2)_IL1_MSHR_avgWritesPerLineComb:v=0:n=0
P(2)_IL1_MSHR:nOnlyWrites=0
P(2)_IL1_MSHR:nRetiredEntries=0
P(2)_IL1_MSHR:nRetiredEntriesWritten=0
LDSTQ(2)_ldldViolations=0
LDSTQ(2)_stldViolations=0
LDSTQ(2)_ststViolations=0
LDSTQ(2)_stldForwarding=0
Proc(2)_FXClusterIssueX:nReplay=0
Proc(2)_FXClusterIssueX_wakeUp_occ:v=0:n=0
Proc(2)_FXClusterIssueX_sched_occ:v=0:n=0
Proc(2)_FXClusterIssueX_winNotUsed:v=0:n=0
ALUIssueX(2)_occ:v=0:n=0
LDSTIssueX(2)_occ:v=0:n=0
FULoad(2)_ldqNotUsed:v=0:n=0
FULoad(2):nForwarded=0
FUStore(2)_stqNotUsed:v=0:n=0
FUStore(2):nDeadStore=0
FUStore(2):nFences=0
FUStore(2):fenceStallCycles=0
Proc(2)_FPClusterIssueX:nReplay=0
Proc(2)_FPClusterIssueX_wakeUp_occ:v=0:n=0
Proc(2)_FPClusterIssueX_sched_occ:v=0:n=0
Proc(2)_FPClusterIssueX_winNotUsed:v=0:n=0
FPIssueX(2)_occ:v=0:n=0
Proc(2)_robUsed:v=0:n=0
Processor(2)_noFetch=0
Processor(2)_noFetch2=0
ExeEngine(2)_retired:v=0:n=0
ExeEngine(2):noRetOtherCause=0
Processor(2):nLocks=0
Processor(2):nLockContCycles=0
ExeEngine(2):nSmallWin=0
ExeEngine(2):nSmallROB=0
ExeEngine(2):nSmallREG=0
ExeEngine(2):nOutsLoads=0
ExeEngine(2):nOutsStores=0
ExeEngine(2):nOutsBranches=0
ExeEngine(2):nReplays=0
ExeEngine(2):PortConflict=0
ExeEngine(2):switch=0
ExeEngine(2):noRetSelf_iOpInvalid_NotExecuted=0
ExeEngine(2):noRetSelf_iALU_NotExecuted=0
ExeEngine(2):noRetSelf_iMult_NotExecuted=0
ExeEngine(2):noRetSelf_iDiv_NotExecuted=0
ExeEngine(2):noRetSelf_iBJ_NotExecuted=0
ExeEngine(2):noRetSelf_iLoad_NotExecuted=0
ExeEngine(2):noRetSelf_iStore_NotExecuted=0
ExeEngine(2):noRetSelf_fpALU_NotExecuted=0
ExeEngine(2):noRetSelf_fpMult_NotExecuted=0
ExeEngine(2):noRetSelf_fpDiv_NotExecuted=0
ExeEngine(2):noRetSelf_iFence_NotExecuted=0
ExeEngine(2):noRetSelf_iLoad_NotFinished=0
ExeEngine(2):noRetSelf_iStore_NoCacheSpace=0
ExeEngine(2):noRetSelf_iStore_NoCachePorts=0
ExeEngine(2):noRetSelf_iStore_WaitForFence=0
ExeEngine(2):noRetSelf_iFence_NoCacheSpace=0
ExeEngine(2):noRetSelf_iFence_WaitForFence=0
ExeEngine(2):noRetOther_iOpInvalid_NotExecuted=0
ExeEngine(2):noRetOther_iALU_NotExecuted=0
ExeEngine(2):noRetOther_iMult_NotExecuted=0
ExeEngine(2):noRetOther_iDiv_NotExecuted=0
ExeEngine(2):noRetOther_iBJ_NotExecuted=0
ExeEngine(2):noRetOther_iLoad_NotExecuted=0
ExeEngine(2):noRetOther_iStore_NotExecuted=0
ExeEngine(2):noRetOther_fpALU_NotExecuted=0
ExeEngine(2):noRetOther_fpMult_NotExecuted=0
ExeEngine(2):noRetOther_fpDiv_NotExecuted=0
ExeEngine(2):noRetOther_iFence_NotExecuted=0
ExeEngine(2):noRetOther_iLoad_NotFinished=0
ExeEngine(2):noRetOther_iStore_NoCacheSpace=0
ExeEngine(2):noRetOther_iStore_NoCachePorts=0
ExeEngine(2):noRetOther_iStore_WaitForFence=0
ExeEngine(2):noRetOther_iFence_NoCacheSpace=0
ExeEngine(2):noRetOther_iFence_WaitForFence=0
PendingWindow(2)_iOpInvalid:n=0
PendingWindow(2)_iALU:n=0
PendingWindow(2)_iComplex:n=0
PendingWindow(2)_iBJ:n=0
PendingWindow(2)_iLoad:n=0
PendingWindow(2)_iStore:n=0
PendingWindow(2)_fpALU:n=0
PendingWindow(2)_fpComplex:n=0
PendingWindow(2)_other:n=0
FetchEngine(2)_avgBranchTime:v=0:n=0
FetchEngine(2)_avgInstsFetched:v=0:n=0
FetchEngine(2):nDelayInst1=0
FetchEngine(2):nDelayInst2=0
FetchEngine(2):nFetched=0
FetchEngine(2):nBTAC=0
FetchEngine(2):szBB_MaxKey=0
FetchEngine(2):szBB_Avg=-nan
FetchEngine(2):szBB_Samples=0
FetchEngine(2):szFB_MaxKey=0
FetchEngine(2):szFB_Avg=-nan
FetchEngine(2):szFB_Samples=0
FetchEngine(2):szFS_MaxKey=0
FetchEngine(2):szFS_Avg=-nan
FetchEngine(2):szFS_Samples=0
BPred(2)_RAS:nHit=0
BPred(2)_RAS:nMiss=0
BPred(2):nBranches=0
BPred(2):nTaken=0
BPred(2):nMiss=0
BPred(2)_Hybrid:nHit=0
BPred(2)_Hybrid:nMiss=0
BPred(2)_BTB:nHit=0
BPred(2)_BTB:nMiss=0
P(3)_DL1:readHit=0
P(3)_DL1:writeHit=0
P(3)_DL1:readMiss=0
P(3)_DL1:writeMiss=0
P(3)_DL1:readHalfMiss=0
P(3)_DL1:writeHalfMiss=0
P(3)_DL1:writeBack=0
P(3)_DL1:linePush=0
P(3)_DL1:lineFill=0
P(3)_DL1:readRetry=0
P(3)_DL1:writeRetry=0
P(3)_DL1:invalDirty=0
P(3)_DL1:allocDirty=0
P(3)_RTR_CTRLmsgCntHist(3)=281758
P(3)_RTR_CTRLmsgCntHist_MaxKey=3
P(3)_RTR_CTRLmsgCntHist_Avg=3.000000
P(3)_RTR_CTRLmsgCntHist_Samples=281758
P(3)_RTR_CTRLmsgS1Hist(3)=3381920
P(3)_RTR_CTRLmsgS1Hist_MaxKey=3
P(3)_RTR_CTRLmsgS1Hist_Avg=3.000000
P(3)_RTR_CTRLmsgS1Hist_Samples=3381920
P(3)_RTR_CTRLmsgS2Hist(3)=40595706
P(3)_RTR_CTRLmsgS2Hist_MaxKey=3
P(3)_RTR_CTRLmsgS2Hist_Avg=3.000000
P(3)_RTR_CTRLmsgS2Hist_Samples=40595706
P(3)_RTR_DATAmsgCntHist(3)=281625
P(3)_RTR_DATAmsgCntHist_MaxKey=3
P(3)_RTR_DATAmsgCntHist_Avg=3.000000
P(3)_RTR_DATAmsgCntHist_Samples=281625
P(3)_RTR_DATAmsgS1Hist(3)=4507448
P(3)_RTR_DATAmsgS1Hist_MaxKey=3
P(3)_RTR_DATAmsgS1Hist_Avg=3.000000
P(3)_RTR_DATAmsgS1Hist_Samples=4507448
P(3)_RTR_DATAmsgS2Hist(3)=72146576
P(3)_RTR_DATAmsgS2Hist_MaxKey=3
P(3)_RTR_DATAmsgS2Hist_Avg=3.000000
P(3)_RTR_DATAmsgS2Hist_Samples=72146576
P(3)_RTR_bus_occ:v=0:n=565674
P(3)_L2S:readHalfMiss=0
P(3)_L2S:writeHalfMiss=0
P(3)_L2S:writeMiss=0
P(3)_L2S:readMiss=2291
P(3)_L2S:readHit=279467
P(3)_L2S:writeHit=0
P(3)_L2S:writeBack=0
P(3)_L2S:lineFill=2291
P(3)_L2S:linePush=281625
P(3)_L2S:nForwarded=0
P(3)_L2S:nWBFull=0
P(3)_L2S_avgPendingWrites:v=0:n=0
P(3)_L2S_avgMissLat:v=210:n=2291
P(3)_L2S:rejected=0
P(3)_L2S:rejectedHits=0
P(3)_L2S_DIR_occ:v=0:n=281625
P(3)_L2S_MSHR0_MSHR:nUse=2291
P(3)_L2S_MSHR0_MSHR:nUseReads=2291
P(3)_L2S_MSHR0_MSHR:nUseWrites=0
P(3)_L2S_MSHR0_MSHR:nOverflows=0
P(3)_L2S_MSHR0_MSHR_maxUsedEntries:max=3:n=2291
P(3)_L2S_MSHR0_MSHR:nCanAccept=0
P(3)_L2S_MSHR0_MSHR:nCanNotAccept=0
P(3)_L2S_MSHR0_MSHR:nCanNotAcceptConv=0
P(3)_L2S_MSHR0_MSHR:blockingCycles_AutoAvg=0.000000
P(3)_L2S_MSHR0_MSHR_avgOverflowConsumptions:v=0:n=0
P(3)_L2S_MSHR0_MSHR_maxOutsReqs:max=3:n=2291
P(3)_L2S_MSHR0_MSHR_avgReqsPerLine:v=1:n=2291
P(3)_L2S_MSHR0_MSHR:nIssuesNewEntry=2291
P(3)_L2S_MSHR0_MSHR:nCanNotAcceptSubEntryFull=0
P(3)_L2S_MSHR0_MSHR:nCanNotAcceptTooManyWrites=0
P(3)_L2S_MSHR0_MSHR_avgQueueSize:v=0:n=2291
P(3)_L2S_MSHR0_MSHR_avgWritesPerLine:v=0:n=2291
P(3)_L2S_MSHR0_MSHR_avgWritesPerLineComb:v=0:n=2291
P(3)_L2S_MSHR0_MSHR:nOnlyWrites=0
P(3)_L2S_MSHR0_MSHR:nRetiredEntries=2291
P(3)_L2S_MSHR0_MSHR:nRetiredEntriesWritten=0
P(3)_L2S_B0:nAccesses=0
P(3)_L2S_occ:v=0:n=563383
P(3)_L2S_B0_occ:v=0:n=565674
P(3)_L2S_MSHR_B0_occ:v=0:n=6873
P(3)_DL1_occ:v=0:n=0
P(3)_DL1_MSHR:nUse=0
P(3)_DL1_MSHR:nUseReads=0
P(3)_DL1_MSHR:nUseWrites=0
P(3)_DL1_MSHR:nOverflows=0
P(3)_DL1_MSHR_maxUsedEntries:max=0:n=0
P(3)_DL1_MSHR:nCanAccept=0
P(3)_DL1_MSHR:nCanNotAccept=0
P(3)_DL1_MSHR:nCanNotAcceptConv=0
P(3)_DL1_MSHR:blockingCycles_AutoAvg=0.000000
P(3)_DL1_MSHR_avgOverflowConsumptions:v=0:n=0
P(3)_DL1_MSHR_maxOutsReqs:max=0:n=0
P(3)_DL1_MSHR_avgReqsPerLine:v=0:n=0
P(3)_DL1_MSHR:nIssuesNewEntry=0
P(3)_DL1_MSHR:nCanNotAcceptSubEntryFull=0
P(3)_DL1_MSHR:nCanNotAcceptTooManyWrites=0
P(3)_DL1_MSHR_avgQueueSize:v=0:n=0
P(3)_DL1_MSHR_avgWritesPerLine:v=0:n=0
P(3)_DL1_MSHR_avgWritesPerLineComb:v=0:n=0
P(3)_DL1_MSHR:nOnlyWrites=0
P(3)_DL1_MSHR:nRetiredEntries=0
P(3)_DL1_MSHR:nRetiredEntriesWritten=0
P(3)_IL1:readHit=0
P(3)_IL1:writeHit=0
P(3)_IL1:readMiss=0
P(3)_IL1:writeMiss=0
P(3)_IL1:readHalfMiss=0
P(3)_IL1:writeHalfMiss=0
P(3)_IL1:writeBack=0
P(3)_IL1:linePush=0
P(3)_IL1:lineFill=0
P(3)_IL1:readRetry=0
P(3)_IL1:writeRetry=0
P(3)_IL1:invalDirty=0
P(3)_IL1:allocDirty=0
P(3)_IL1_occ:v=0:n=0
P(3)_IL1_MSHR:nUse=0
P(3)_IL1_MSHR:nUseReads=0
P(3)_IL1_MSHR:nUseWrites=0
P(3)_IL1_MSHR:nOverflows=0
P(3)_IL1_MSHR_maxUsedEntries:max=0:n=0
P(3)_IL1_MSHR:nCanAccept=0
P(3)_IL1_MSHR:nCanNotAccept=0
P(3)_IL1_MSHR:nCanNotAcceptConv=0
P(3)_IL1_MSHR:blockingCycles_AutoAvg=0.000000
P(3)_IL1_MSHR_avgOverflowConsumptions:v=0:n=0
P(3)_IL1_MSHR_maxOutsReqs:max=0:n=0
P(3)_IL1_MSHR_avgReqsPerLine:v=0:n=0
P(3)_IL1_MSHR:nIssuesNewEntry=0
P(3)_IL1_MSHR:nCanNotAcceptSubEntryFull=0
P(3)_IL1_MSHR:nCanNotAcceptTooManyWrites=0
P(3)_IL1_MSHR_avgQueueSize:v=0:n=0
P(3)_IL1_MSHR_avgWritesPerLine:v=0:n=0
P(3)_IL1_MSHR_avgWritesPerLineComb:v=0:n=0
P(3)_IL1_MSHR:nOnlyWrites=0
P(3)_IL1_MSHR:nRetiredEntries=0
P(3)_IL1_MSHR:nRetiredEntriesWritten=0
LDSTQ(3)_ldldViolations=0
LDSTQ(3)_stldViolations=0
LDSTQ(3)_ststViolations=0
LDSTQ(3)_stldForwarding=0
Proc(3)_FXClusterIssueX:nReplay=0
Proc(3)_FXClusterIssueX_wakeUp_occ:v=0:n=0
Proc(3)_FXClusterIssueX_sched_occ:v=0:n=0
Proc(3)_FXClusterIssueX_winNotUsed:v=0:n=0
ALUIssueX(3)_occ:v=0:n=0
LDSTIssueX(3)_occ:v=0:n=0
FULoad(3)_ldqNotUsed:v=0:n=0
FULoad(3):nForwarded=0
FUStore(3)_stqNotUsed:v=0:n=0
FUStore(3):nDeadStore=0
FUStore(3):nFences=0
FUStore(3):fenceStallCycles=0
Proc(3)_FPClusterIssueX:nReplay=0
Proc(3)_FPClusterIssueX_wakeUp_occ:v=0:n=0
Proc(3)_FPClusterIssueX_sched_occ:v=0:n=0
Proc(3)_FPClusterIssueX_winNotUsed:v=0:n=0
FPIssueX(3)_occ:v=0:n=0
Proc(3)_robUsed:v=0:n=0
Processor(3)_noFetch=0
Processor(3)_noFetch2=0
ExeEngine(3)_retired:v=0:n=0
ExeEngine(3):noRetOtherCause=0
Processor(3):nLocks=0
Processor(3):nLockContCycles=0
ExeEngine(3):nSmallWin=0
ExeEngine(3):nSmallROB=0
ExeEngine(3):nSmallREG=0
ExeEngine(3):nOutsLoads=0
ExeEngine(3):nOutsStores=0
ExeEngine(3):nOutsBranches=0
ExeEngine(3):nReplays=0
ExeEngine(3):PortConflict=0
ExeEngine(3):switch=0
ExeEngine(3):noRetSelf_iOpInvalid_NotExecuted=0
ExeEngine(3):noRetSelf_iALU_NotExecuted=0
ExeEngine(3):noRetSelf_iMult_NotExecuted=0
ExeEngine(3):noRetSelf_iDiv_NotExecuted=0
ExeEngine(3):noRetSelf_iBJ_NotExecuted=0
ExeEngine(3):noRetSelf_iLoad_NotExecuted=0
ExeEngine(3):noRetSelf_iStore_NotExecuted=0
ExeEngine(3):noRetSelf_fpALU_NotExecuted=0
ExeEngine(3):noRetSelf_fpMult_NotExecuted=0
ExeEngine(3):noRetSelf_fpDiv_NotExecuted=0
ExeEngine(3):noRetSelf_iFence_NotExecuted=0
ExeEngine(3):noRetSelf_iLoad_NotFinished=0
ExeEngine(3):noRetSelf_iStore_NoCacheSpace=0
ExeEngine(3):noRetSelf_iStore_NoCachePorts=0
ExeEngine(3):noRetSelf_iStore_WaitForFence=0
ExeEngine(3):noRetSelf_iFence_NoCacheSpace=0
ExeEngine(3):noRetSelf_iFence_WaitForFence=0
ExeEngine(3):noRetOther_iOpInvalid_NotExecuted=0
ExeEngine(3):noRetOther_iALU_NotExecuted=0
ExeEngine(3):noRetOther_iMult_NotExecuted=0
ExeEngine(3):noRetOther_iDiv_NotExecuted=0
ExeEngine(3):noRetOther_iBJ_NotExecuted=0
ExeEngine(3):noRetOther_iLoad_NotExecuted=0
ExeEngine(3):noRetOther_iStore_NotExecuted=0
ExeEngine(3):noRetOther_fpALU_NotExecuted=0
ExeEngine(3):noRetOther_fpMult_NotExecuted=0
ExeEngine(3):noRetOther_fpDiv_NotExecuted=0
ExeEngine(3):noRetOther_iFence_NotExecuted=0
ExeEngine(3):noRetOther_iLoad_NotFinished=0
ExeEngine(3):noRetOther_iStore_NoCacheSpace=0
ExeEngine(3):noRetOther_iStore_NoCachePorts=0
ExeEngine(3):noRetOther_iStore_WaitForFence=0
ExeEngine(3):noRetOther_iFence_NoCacheSpace=0
ExeEngine(3):noRetOther_iFence_WaitForFence=0
PendingWindow(3)_iOpInvalid:n=0
PendingWindow(3)_iALU:n=0
PendingWindow(3)_iComplex:n=0
PendingWindow(3)_iBJ:n=0
PendingWindow(3)_iLoad:n=0
PendingWindow(3)_iStore:n=0
PendingWindow(3)_fpALU:n=0
PendingWindow(3)_fpComplex:n=0
PendingWindow(3)_other:n=0
FetchEngine(3)_avgBranchTime:v=0:n=0
FetchEngine(3)_avgInstsFetched:v=0:n=0
FetchEngine(3):nDelayInst1=0
FetchEngine(3):nDelayInst2=0
FetchEngine(3):nFetched=0
FetchEngine(3):nBTAC=0
FetchEngine(3):szBB_MaxKey=0
FetchEngine(3):szBB_Avg=-nan
FetchEngine(3):szBB_Samples=0
FetchEngine(3):szFB_MaxKey=0
FetchEngine(3):szFB_Avg=-nan
FetchEngine(3):szFB_Samples=0
FetchEngine(3):szFS_MaxKey=0
FetchEngine(3):szFS_Avg=-nan
FetchEngine(3):szFS_Samples=0
BPred(3)_RAS:nHit=0
BPred(3)_RAS:nMiss=0
BPred(3):nBranches=0
BPred(3):nTaken=0
BPred(3):nMiss=0
BPred(3)_Hybrid:nHit=0
BPred(3)_Hybrid:nMiss=0
BPred(3)_BTB:nHit=0
BPred(3)_BTB:nMiss=0
END GStats::report Final
OSSim:endTime=Sun Oct 13 09:46:17 2024

